This is pdfTeX, Version 3.141592653-2.6-1.40.26 (MiKTeX 24.4) (preloaded format=pdflatex 2024.7.26)  26 JUL 2024 23:55
entering extended mode
 restricted \write18 enabled.
 %&-line parsing enabled.
**./main.tex
(main.tex
LaTeX2e <2024-06-01> patch level 2
L3 programming layer <2024-05-27>
(/home/deniz/.miktex/texmfs/install/tex/latex/base/article.cls
Document Class: article 2024/02/08 v1.4n Standard LaTeX document class
(/home/deniz/.miktex/texmfs/install/tex/latex/base/size11.clo
File: size11.clo 2024/02/08 v1.4n Standard LaTeX file (size option)
)
\c@part=\count194
\c@section=\count195
\c@subsection=\count196
\c@subsubsection=\count197
\c@paragraph=\count198
\c@subparagraph=\count199
\c@figure=\count266
\c@table=\count267
\abovecaptionskip=\skip49
\belowcaptionskip=\skip50
\bibindent=\dimen141
)
(/home/deniz/.miktex/texmfs/install/tex/latex/imakeidx/imakeidx.sty
Package: imakeidx 2016/10/15 v1.3e Package for typesetting indices in a synchro
nous mode

(/home/deniz/.miktex/texmfs/install/tex/latex/xkeyval/xkeyval.sty
Package: xkeyval 2022/06/16 v2.9 package option processing (HA)

(/home/deniz/.miktex/texmfs/install/tex/generic/xkeyval/xkeyval.tex
(/home/deniz/.miktex/texmfs/install/tex/generic/xkeyval/xkvutils.tex
\XKV@toks=\toks17
\XKV@tempa@toks=\toks18

(/home/deniz/.miktex/texmfs/install/tex/generic/xkeyval/keyval.tex))
\XKV@depth=\count268
File: xkeyval.tex 2014/12/03 v2.7a key=value parser (HA)
))
(/home/deniz/.miktex/texmfs/install/tex/generic/iftex/ifxetex.sty
Package: ifxetex 2019/10/25 v0.7 ifxetex legacy package. Use iftex instead.

(/home/deniz/.miktex/texmfs/install/tex/generic/iftex/iftex.sty
Package: iftex 2022/02/03 v1.0f TeX engine tests
))
(/home/deniz/.miktex/texmfs/install/tex/generic/iftex/ifluatex.sty
Package: ifluatex 2019/10/25 v1.5 ifluatex legacy package. Use iftex instead.
)
(/home/deniz/.miktex/texmfs/install/tex/latex/tools/multicol.sty
Package: multicol 2024/05/23 v1.9h multicolumn formatting (FMi)
\c@tracingmulticols=\count269
\mult@box=\box52
\multicol@leftmargin=\dimen142
\c@unbalance=\count270
\c@collectmore=\count271
\doublecol@number=\count272
\multicoltolerance=\count273
\multicolpretolerance=\count274
\full@width=\dimen143
\page@free=\dimen144
\premulticols=\dimen145
\postmulticols=\dimen146
\multicolsep=\skip51
\multicolbaselineskip=\skip52
\partial@page=\box53
\last@line=\box54
\mc@boxedresult=\box55
\maxbalancingoverflow=\dimen147
\mult@rightbox=\box56
\mult@grightbox=\box57
\mult@firstbox=\box58
\mult@gfirstbox=\box59
\@tempa=\box60
\@tempa=\box61
\@tempa=\box62
\@tempa=\box63
\@tempa=\box64
\@tempa=\box65
\@tempa=\box66
\@tempa=\box67
\@tempa=\box68
\@tempa=\box69
\@tempa=\box70
\@tempa=\box71
\@tempa=\box72
\@tempa=\box73
\@tempa=\box74
\@tempa=\box75
\@tempa=\box76
\@tempa=\box77
\@tempa=\box78
\@tempa=\box79
\@tempa=\box80
\@tempa=\box81
\@tempa=\box82
\@tempa=\box83
\@tempa=\box84
\@tempa=\box85
\@tempa=\box86
\@tempa=\box87
\@tempa=\box88
\@tempa=\box89
\@tempa=\box90
\@tempa=\box91
\@tempa=\box92
\@tempa=\box93
\@tempa=\box94
\@tempa=\box95
\c@minrows=\count275
\c@columnbadness=\count276
\c@finalcolumnbadness=\count277
\last@try=\dimen148
\multicolovershoot=\dimen149
\multicolundershoot=\dimen150
\mult@nat@firstbox=\box96
\colbreak@box=\box97
\mc@col@check@num=\count278
))
\main@idxfile=\write3
\openout3 = `main.idx'.


Writing index file main.idx
(jheppub.sty
Package: jheppub 2013/03/21 r534
 (/home/deniz/.miktex/texmfs/install/tex/latex/amsmath/amsmath.sty
Package: amsmath 2024/05/23 v2.17q AMS math features
\@mathmargin=\skip53

For additional information on amsmath, use the `?' option.
(/home/deniz/.miktex/texmfs/install/tex/latex/amsmath/amstext.sty
Package: amstext 2021/08/26 v2.01 AMS text

(/home/deniz/.miktex/texmfs/install/tex/latex/amsmath/amsgen.sty
File: amsgen.sty 1999/11/30 v2.0 generic functions
\@emptytoks=\toks19
\ex@=\dimen151
))
(/home/deniz/.miktex/texmfs/install/tex/latex/amsmath/amsbsy.sty
Package: amsbsy 1999/11/29 v1.2d Bold Symbols
\pmbraise@=\dimen152
)
(/home/deniz/.miktex/texmfs/install/tex/latex/amsmath/amsopn.sty
Package: amsopn 2022/04/08 v2.04 operator names
)
\inf@bad=\count279
LaTeX Info: Redefining \frac on input line 233.
\uproot@=\count280
\leftroot@=\count281
LaTeX Info: Redefining \overline on input line 398.
LaTeX Info: Redefining \colon on input line 409.
\classnum@=\count282
\DOTSCASE@=\count283
LaTeX Info: Redefining \ldots on input line 495.
LaTeX Info: Redefining \dots on input line 498.
LaTeX Info: Redefining \cdots on input line 619.
\Mathstrutbox@=\box98
\strutbox@=\box99
LaTeX Info: Redefining \big on input line 721.
LaTeX Info: Redefining \Big on input line 722.
LaTeX Info: Redefining \bigg on input line 723.
LaTeX Info: Redefining \Bigg on input line 724.
\big@size=\dimen153
LaTeX Font Info:    Redeclaring font encoding OML on input line 742.
LaTeX Font Info:    Redeclaring font encoding OMS on input line 743.
\macc@depth=\count284
LaTeX Info: Redefining \bmod on input line 904.
LaTeX Info: Redefining \pmod on input line 909.
LaTeX Info: Redefining \smash on input line 939.
LaTeX Info: Redefining \relbar on input line 969.
LaTeX Info: Redefining \Relbar on input line 970.
\c@MaxMatrixCols=\count285
\dotsspace@=\muskip17
\c@parentequation=\count286
\dspbrk@lvl=\count287
\tag@help=\toks20
\row@=\count288
\column@=\count289
\maxfields@=\count290
\andhelp@=\toks21
\eqnshift@=\dimen154
\alignsep@=\dimen155
\tagshift@=\dimen156
\tagwidth@=\dimen157
\totwidth@=\dimen158
\lineht@=\dimen159
\@envbody=\toks22
\multlinegap=\skip54
\multlinetaggap=\skip55
\mathdisplay@stack=\toks23
LaTeX Info: Redefining \[ on input line 2953.
LaTeX Info: Redefining \] on input line 2954.
)
(/home/deniz/.miktex/texmfs/install/tex/latex/amsfonts/amssymb.sty
Package: amssymb 2013/01/14 v3.01 AMS font symbols

(/home/deniz/.miktex/texmfs/install/tex/latex/amsfonts/amsfonts.sty
Package: amsfonts 2013/01/14 v3.01 Basic AMSFonts support
\symAMSa=\mathgroup4
\symAMSb=\mathgroup5
LaTeX Font Info:    Redeclaring math symbol \hbar on input line 98.
LaTeX Font Info:    Overwriting math alphabet `\mathfrak' in version `bold'
(Font)                  U/euf/m/n --> U/euf/b/n on input line 106.
))
(/home/deniz/.miktex/texmfs/install/tex/latex/graphics/epsfig.sty
Package: epsfig 2024/01/14 v1.7b (e)psfig emulation (SPQR)

(/home/deniz/.miktex/texmfs/install/tex/latex/graphics/graphicx.sty
Package: graphicx 2021/09/16 v1.2d Enhanced LaTeX Graphics (DPC,SPQR)

(/home/deniz/.miktex/texmfs/install/tex/latex/graphics/graphics.sty
Package: graphics 2024/05/23 v1.4g Standard LaTeX Graphics (DPC,SPQR)

(/home/deniz/.miktex/texmfs/install/tex/latex/graphics/trig.sty
Package: trig 2023/12/02 v1.11 sin cos tan (DPC)
)
(/home/deniz/.miktex/texmfs/install/tex/latex/graphics-cfg/graphics.cfg
File: graphics.cfg 2016/06/04 v1.11 sample graphics configuration
)
Package graphics Info: Driver file: pdftex.def on input line 106.

(/home/deniz/.miktex/texmfs/install/tex/latex/graphics-def/pdftex.def
File: pdftex.def 2024/04/13 v1.2c Graphics/color driver for pdftex
))
\Gin@req@height=\dimen160
\Gin@req@width=\dimen161
)
\epsfxsize=\dimen162
\epsfysize=\dimen163
)
(/home/deniz/.miktex/texmfs/install/tex/latex/graphics/color.sty
Package: color 2024/01/14 v1.3d Standard LaTeX Color (DPC)

(/home/deniz/.miktex/texmfs/install/tex/latex/graphics-cfg/color.cfg
File: color.cfg 2016/01/02 v1.6 sample color configuration
)
Package color Info: Driver file: pdftex.def on input line 149.

(/home/deniz/.miktex/texmfs/install/tex/latex/graphics/mathcolor.ltx))
(/home/deniz/.miktex/texmfs/install/tex/latex/hyperref/hyperref.sty
Package: hyperref 2024-07-10 v7.01j Hypertext links for LaTeX

(/home/deniz/.miktex/texmfs/install/tex/latex/kvsetkeys/kvsetkeys.sty
Package: kvsetkeys 2022-10-05 v1.19 Key value parser (HO)
)
(/home/deniz/.miktex/texmfs/install/tex/generic/kvdefinekeys/kvdefinekeys.sty
Package: kvdefinekeys 2019-12-19 v1.6 Define keys (HO)
)
(/home/deniz/.miktex/texmfs/install/tex/generic/pdfescape/pdfescape.sty
Package: pdfescape 2019/12/09 v1.15 Implements pdfTeX's escape features (HO)

(/home/deniz/.miktex/texmfs/install/tex/generic/ltxcmds/ltxcmds.sty
Package: ltxcmds 2023-12-04 v1.26 LaTeX kernel commands for general use (HO)
)
(/home/deniz/.miktex/texmfs/install/tex/generic/pdftexcmds/pdftexcmds.sty
Package: pdftexcmds 2020-06-27 v0.33 Utility functions of pdfTeX for LuaTeX (HO
)

(/home/deniz/.miktex/texmfs/install/tex/generic/infwarerr/infwarerr.sty
Package: infwarerr 2019/12/03 v1.5 Providing info/warning/error messages (HO)
)
Package pdftexcmds Info: \pdf@primitive is available.
Package pdftexcmds Info: \pdf@ifprimitive is available.
Package pdftexcmds Info: \pdfdraftmode found.
))
(/home/deniz/.miktex/texmfs/install/tex/latex/hycolor/hycolor.sty
Package: hycolor 2020-01-27 v1.10 Color options for hyperref/bookmark (HO)
)
(/home/deniz/.miktex/texmfs/install/tex/latex/hyperref/nameref.sty
Package: nameref 2023-11-26 v2.56 Cross-referencing by name of section

(/home/deniz/.miktex/texmfs/install/tex/latex/refcount/refcount.sty
Package: refcount 2019/12/15 v3.6 Data extraction from label references (HO)
)
(/home/deniz/.miktex/texmfs/install/tex/generic/gettitlestring/gettitlestring.s
ty
Package: gettitlestring 2019/12/15 v1.6 Cleanup title references (HO)
 (/home/deniz/.miktex/texmfs/install/tex/latex/kvoptions/kvoptions.sty
Package: kvoptions 2022-06-15 v3.15 Key value format for package options (HO)
))
\c@section@level=\count291
)
(/home/deniz/.miktex/texmfs/install/tex/latex/etoolbox/etoolbox.sty
Package: etoolbox 2020/10/05 v2.5k e-TeX tools for LaTeX (JAW)
\etb@tempcnta=\count292
)
(/home/deniz/.miktex/texmfs/install/tex/generic/stringenc/stringenc.sty
Package: stringenc 2019/11/29 v1.12 Convert strings between diff. encodings (HO
)
)
\@linkdim=\dimen164
\Hy@linkcounter=\count293
\Hy@pagecounter=\count294

(/home/deniz/.miktex/texmfs/install/tex/latex/hyperref/pd1enc.def
File: pd1enc.def 2024-07-10 v7.01j Hyperref: PDFDocEncoding definition (HO)
Now handling font encoding PD1 ...
... no UTF-8 mapping file for font encoding PD1
)
(/home/deniz/.miktex/texmfs/install/tex/generic/intcalc/intcalc.sty
Package: intcalc 2019/12/15 v1.3 Expandable calculations with integers (HO)
)
\Hy@SavedSpaceFactor=\count295

(/home/deniz/.miktex/texmfs/install/tex/latex/hyperref/puenc.def
File: puenc.def 2024-07-10 v7.01j Hyperref: PDF Unicode definition (HO)
Now handling font encoding PU ...
... no UTF-8 mapping file for font encoding PU
)
Package hyperref Info: Option `colorlinks' set `true' on input line 4040.


Package hyperref Warning: Option `pagecolor' is not available anymore.

Package hyperref Info: Option `linktocpage' set `true' on input line 4040.
Package hyperref Info: Option `pdfa' set `true' on input line 4040.
Package hyperref Info: Hyper figures OFF on input line 4157.
Package hyperref Info: Link nesting OFF on input line 4162.
Package hyperref Info: Hyper index ON on input line 4165.
Package hyperref Info: Plain pages OFF on input line 4172.
Package hyperref Info: Backreferencing OFF on input line 4177.
Package hyperref Info: Implicit mode ON; LaTeX internals redefined.
Package hyperref Info: Bookmarks ON on input line 4424.
\c@Hy@tempcnt=\count296
(/home/deniz/.miktex/texmfs/install/tex/latex/url/url.sty
\Urlmuskip=\muskip18
Package: url 2013/09/16  ver 3.4  Verb mode for urls, etc.
)
LaTeX Info: Redefining \url on input line 4763.
\XeTeXLinkMargin=\dimen165

(/home/deniz/.miktex/texmfs/install/tex/generic/bitset/bitset.sty
Package: bitset 2019/12/09 v1.3 Handle bit-vector datatype (HO)

(/home/deniz/.miktex/texmfs/install/tex/generic/bigintcalc/bigintcalc.sty
Package: bigintcalc 2019/12/15 v1.5 Expandable calculations on big integers (HO
)
))
\Fld@menulength=\count297
\Field@Width=\dimen166
\Fld@charsize=\dimen167
Package hyperref Info: Hyper figures OFF on input line 6042.
Package hyperref Info: Link nesting OFF on input line 6047.
Package hyperref Info: Hyper index ON on input line 6050.
Package hyperref Info: backreferencing OFF on input line 6057.
Package hyperref Info: Link coloring ON on input line 6060.
Package hyperref Info: Link coloring with OCG OFF on input line 6067.
Package hyperref Info: PDF/A mode ON on input line 6070.

(/home/deniz/.miktex/texmfs/install/tex/latex/base/atbegshi-ltx.sty
Package: atbegshi-ltx 2021/01/10 v1.0c Emulation of the original atbegshi
package with kernel methods
)
\Hy@abspage=\count298
\c@Item=\count299
\c@Hfootnote=\count300
)
Package hyperref Info: Driver (autodetected): hpdftex.

(/home/deniz/.miktex/texmfs/install/tex/latex/hyperref/hpdftex.def
File: hpdftex.def 2024-07-10 v7.01j Hyperref driver for pdfTeX

(/home/deniz/.miktex/texmfs/install/tex/latex/base/atveryend-ltx.sty
Package: atveryend-ltx 2020/08/19 v1.0a Emulation of the original atveryend pac
kage
with kernel methods
)
\Fld@listcount=\count301
\c@bookmark@seq@number=\count302

(/home/deniz/.miktex/texmfs/install/tex/latex/rerunfilecheck/rerunfilecheck.sty
Package: rerunfilecheck 2022-07-10 v1.10 Rerun checks for auxiliary files (HO)

(/home/deniz/.miktex/texmfs/install/tex/generic/uniquecounter/uniquecounter.sty
Package: uniquecounter 2019/12/15 v1.4 Provide unlimited unique counter (HO)
)
Package uniquecounter Info: New unique counter `rerunfilecheck' on input line 2
85.
)
\Hy@SectionHShift=\skip56
)
\auth@toks=\toks24
\affil@toks=\toks25
\email@toks=\toks26
\c@email@counter=\count303
\affiliationsSep=\skip57
LaTeX Font Info:    Trying to load font information for OT1+phv on input line 1
63.
 (/home/deniz/.miktex/texmfs/install/tex/latex/psnfss/ot1phv.fd
File: ot1phv.fd 2020/03/25 scalable font definitions for OT1/phv.
))
(/home/deniz/.miktex/texmfs/install/tex/latex/base/fontenc.sty
Package: fontenc 2021/04/29 v2.0v Standard LaTeX package
)
(/home/deniz/.miktex/texmfs/install/tex/latex/relsize/relsize.sty
Package: relsize 2013/03/29 ver 4.1
)
(/home/deniz/.miktex/texmfs/install/tex/latex/enumitem/enumitem.sty
Package: enumitem 2019/06/20 v3.9 Customized lists
\enitkv@toks@=\toks27
\labelindent=\skip58
\enit@outerparindent=\dimen168
\enit@toks=\toks28
\enit@inbox=\box100
\enit@count@id=\count304
\enitdp@description=\count305
)
(/home/deniz/.miktex/texmfs/install/tex/latex/subfig/subfig.sty
Package: subfig 2005/06/28 ver: 1.3 subfig package

(/home/deniz/.miktex/texmfs/install/tex/latex/caption/caption.sty
Package: caption 2023/08/05 v3.6o Customizing captions (AR)

(/home/deniz/.miktex/texmfs/install/tex/latex/caption/caption3.sty
Package: caption3 2023/07/31 v2.4d caption3 kernel (AR)
\caption@tempdima=\dimen169
\captionmargin=\dimen170
\caption@leftmargin=\dimen171
\caption@rightmargin=\dimen172
\caption@width=\dimen173
\caption@indent=\dimen174
\caption@parindent=\dimen175
\caption@hangindent=\dimen176
Package caption Info: Unknown document class (or package),
(caption)             standard defaults will be used.
Package caption Info: \@makecaption = \long macro:#1#2->\vskip \abovecaptionski
p \sbox \@tempboxa {\small #1. #2}\ifdim \wd \@tempboxa >\hsize \small #1. #2\p
ar \else \global \@minipagefalse \hb@xt@ \hsize {\hfil \box \@tempboxa \hfil }\
fi \vskip \belowcaptionskip  on input line 1175.
)

Package caption Warning: Unknown document class (or package),
(caption)                standard defaults will be used.
See the caption package documentation for explanation.

\c@caption@flags=\count306
\c@continuedfloat=\count307
Package caption Info: hyperref package is loaded.
)
\c@KVtest=\count308
\sf@farskip=\skip59
\sf@captopadj=\dimen177
\sf@capskip=\skip60
\sf@nearskip=\skip61
\c@subfigure=\count309
\c@subfigure@save=\count310
\c@lofdepth=\count311
\c@subtable=\count312
\c@subtable@save=\count313
\c@lotdepth=\count314
\sf@top=\skip62
\sf@bottom=\skip63
) (/home/deniz/.miktex/texmfs/install/tex/latex/stmaryrd/stmaryrd.sty
Package: stmaryrd 1994/03/03 St Mary's Road symbol package
\symstmry=\mathgroup6
LaTeX Font Info:    Overwriting symbol font `stmry' in version `bold'
(Font)                  U/stmry/m/n --> U/stmry/b/n on input line 89.
)
(/home/deniz/.miktex/texmfs/install/tex/latex/amscls/amsthm.sty
Package: amsthm 2020/05/29 v2.20.6
\thm@style=\toks29
\thm@bodyfont=\toks30
\thm@headfont=\toks31
\thm@notefont=\toks32
\thm@headpunct=\toks33
\thm@preskip=\skip64
\thm@postskip=\skip65
\thm@headsep=\skip66
\dth@everypar=\toks34
)
(/home/deniz/.miktex/texmfs/install/tex/latex/jknappen/mathrsfs.sty
Package: mathrsfs 1996/01/01 Math RSFS package v1.0 (jk)
\symrsfs=\mathgroup7
)
(/home/deniz/.miktex/texmfs/install/tex/latex/xfrac/xfrac.sty
Package: xfrac 2024-06-04 Split-level fractions
\l__xfrac_slash_box=\box101
\l__xfrac_tmp_box=\box102
\l__xfrac_denominator_bot_sep_dim=\dimen178
\l__xfrac_numerator_bot_sep_dim=\dimen179
\l__xfrac_numerator_top_sep_dim=\dimen180
\l__xfrac_slash_left_sep_dim=\dimen181
\l__xfrac_slash_right_sep_dim=\dimen182
\l__xfrac_slash_left_muskip=\muskip19
\l__xfrac_slash_right_muskip=\muskip20

LaTeX template Info: Declaring template type 'xfrac' taking 3 argument(s) on
(template)           line 100.


LaTeX template Info: Declaring instance 'cmr' of type xfrac on line 392.


LaTeX template Info: Declaring instance 'cmss' of type xfrac on line 392.


LaTeX template Info: Declaring instance 'cmtt' of type xfrac on line 392.

)
(/home/deniz/.miktex/texmfs/install/tex/latex/psnfss/pifont.sty
Package: pifont 2020/03/25 PSNFSS-v9.3 Pi font support (SPQR) 
LaTeX Font Info:    Trying to load font information for U+pzd on input line 63.


(/home/deniz/.miktex/texmfs/install/tex/latex/psnfss/upzd.fd
File: upzd.fd 2001/06/04 font definitions for U/pzd.
)
LaTeX Font Info:    Trying to load font information for U+psy on input line 64.


(/home/deniz/.miktex/texmfs/install/tex/latex/psnfss/upsy.fd
File: upsy.fd 2001/06/04 font definitions for U/psy.
))
(/home/deniz/.miktex/texmfs/install/tex/latex/cleveref/cleveref.sty
Package: cleveref 2018/03/27 v0.21.4 Intelligent cross-referencing
Package cleveref Info: `hyperref' support loaded on input line 2370.
LaTeX Info: Redefining \cref on input line 2370.
LaTeX Info: Redefining \Cref on input line 2370.
LaTeX Info: Redefining \crefrange on input line 2370.
LaTeX Info: Redefining \Crefrange on input line 2370.
LaTeX Info: Redefining \cpageref on input line 2370.
LaTeX Info: Redefining \Cpageref on input line 2370.
LaTeX Info: Redefining \cpagerefrange on input line 2370.
LaTeX Info: Redefining \Cpagerefrange on input line 2370.
LaTeX Info: Redefining \labelcref on input line 2370.
LaTeX Info: Redefining \labelcpageref on input line 2370.
Package cleveref Info: `amsthm' support loaded on input line 3026.
Package cleveref Info: `subfig' support loaded on input line 3164.
)
(/home/deniz/.miktex/texmfs/install/tex/latex/tools/array.sty
Package: array 2024/06/14 v2.6d Tabular extension package (FMi)
\col@sep=\dimen183
\ar@mcellbox=\box103
\extrarowheight=\dimen184
\NC@list=\toks35
\extratabsurround=\skip67
\backup@length=\skip68
\ar@cellbox=\box104
)
(/home/deniz/.miktex/texmfs/install/tex/latex/tools/tabularx.sty
Package: tabularx 2023/12/11 v2.12a `tabularx' package (DPC)
\TX@col@width=\dimen185
\TX@old@table=\dimen186
\TX@old@col=\dimen187
\TX@target=\dimen188
\TX@delta=\dimen189
\TX@cols=\count315
\TX@ftn=\toks36
)
(/home/deniz/.miktex/texmfs/install/tex/latex/ieeetrantools/IEEEtrantools.sty
Package: IEEEtrantools 2015/08/26 V1.5 by Michael Shell

-- See the "IEEEtrantools_doc.txt" manual for usage information.
-- http://www.michaelshell.org/tex/ieeetran/tools/
\@IEEEtrantmpdimenA=\dimen190
\@IEEEtrantmpdimenB=\dimen191
\@IEEEtrantmpdimenC=\dimen192
\@IEEEtrantmpcountA=\count316
\@IEEEtrantmpcountB=\count317
\@IEEEtrantmpcountC=\count318
\@IEEEtrantmptoksA=\toks37
\IEEEnormaljot=\dimen193
\IEEEquantizedlength=\dimen194
\IEEEquantizedlengthdiff=\dimen195
\IEEEquantizedtextheightdiff=\dimen196
\IEEEilabelindentA=\dimen197
\IEEEilabelindentB=\dimen198
\IEEEilabelindent=\dimen199
\IEEEelabelindent=\dimen256
\IEEEdlabelindent=\dimen257
\IEEElabelindent=\dimen258
\IEEEiednormlabelsep=\dimen259
\IEEEiedmathlabelsep=\dimen260
\IEEEiedtopsep=\skip69
\c@IEEEsubequation=\count319
\@IEEEeqnnumcols=\count320
\@IEEEeqncolcnt=\count321
\@IEEEsubeqnnumrollback=\count322
\IEEEPARstartletwidth=\dimen261
) (/home/deniz/.miktex/texmfs/install/tex/latex/emerald/emerald.sty
Package: emerald 2006/01/26 v1.0 LaTeX2e package which gives support for ECF (e
merald city fontwerks) fonts
)
(/home/deniz/.miktex/texmfs/install/tex/latex/xcolor/xcolor.sty
Package: xcolor 2023/11/15 v3.01 LaTeX color extensions (UK)

(/home/deniz/.miktex/texmfs/install/tex/latex/graphics-cfg/color.cfg
File: color.cfg 2016/01/02 v1.6 sample color configuration
)
Package xcolor Info: Driver file: pdftex.def on input line 274.
LaTeX Info: Redefining \color on input line 758.

(/home/deniz/.miktex/texmfs/install/tex/latex/graphics/mathcolor.ltx)
Package xcolor Info: Model `cmy' substituted by `cmy0' on input line 1350.
Package xcolor Info: Model `hsb' substituted by `rgb' on input line 1354.
Package xcolor Info: Model `RGB' extended on input line 1366.
Package xcolor Info: Model `HTML' substituted by `rgb' on input line 1368.
Package xcolor Info: Model `Hsb' substituted by `hsb' on input line 1369.
Package xcolor Info: Model `tHsb' substituted by `hsb' on input line 1370.
Package xcolor Info: Model `HSB' substituted by `hsb' on input line 1371.
Package xcolor Info: Model `Gray' substituted by `gray' on input line 1372.
Package xcolor Info: Model `wave' substituted by `hsb' on input line 1373.
)
(/home/deniz/.miktex/texmfs/install/tex/latex/pgf/frontendlayer/tikz.sty
(/home/deniz/.miktex/texmfs/install/tex/latex/pgf/basiclayer/pgf.sty
(/home/deniz/.miktex/texmfs/install/tex/latex/pgf/utilities/pgfrcs.sty
(/home/deniz/.miktex/texmfs/install/tex/generic/pgf/utilities/pgfutil-common.te
x
\pgfutil@everybye=\toks38
\pgfutil@tempdima=\dimen262
\pgfutil@tempdimb=\dimen263
)
(/home/deniz/.miktex/texmfs/install/tex/generic/pgf/utilities/pgfutil-latex.def
\pgfutil@abb=\box105
) (/home/deniz/.miktex/texmfs/install/tex/generic/pgf/utilities/pgfrcs.code.tex
(/home/deniz/.miktex/texmfs/install/tex/generic/pgf/pgf.revision.tex)
Package: pgfrcs 2023-01-15 v3.1.10 (3.1.10)
))
Package: pgf 2023-01-15 v3.1.10 (3.1.10)

(/home/deniz/.miktex/texmfs/install/tex/latex/pgf/basiclayer/pgfcore.sty
(/home/deniz/.miktex/texmfs/install/tex/latex/pgf/systemlayer/pgfsys.sty
(/home/deniz/.miktex/texmfs/install/tex/generic/pgf/systemlayer/pgfsys.code.tex
Package: pgfsys 2023-01-15 v3.1.10 (3.1.10)
(/home/deniz/.miktex/texmfs/install/tex/generic/pgf/utilities/pgfkeys.code.tex
\pgfkeys@pathtoks=\toks39
\pgfkeys@temptoks=\toks40

(/home/deniz/.miktex/texmfs/install/tex/generic/pgf/utilities/pgfkeyslibraryfil
tered.code.tex
\pgfkeys@tmptoks=\toks41
))
\pgf@x=\dimen264
\pgf@y=\dimen265
\pgf@xa=\dimen266
\pgf@ya=\dimen267
\pgf@xb=\dimen268
\pgf@yb=\dimen269
\pgf@xc=\dimen270
\pgf@yc=\dimen271
\pgf@xd=\dimen272
\pgf@yd=\dimen273
\w@pgf@writea=\write4
\r@pgf@reada=\read2
\c@pgf@counta=\count323
\c@pgf@countb=\count324
\c@pgf@countc=\count325
\c@pgf@countd=\count326
\t@pgf@toka=\toks42
\t@pgf@tokb=\toks43
\t@pgf@tokc=\toks44
\pgf@sys@id@count=\count327

(/home/deniz/.miktex/texmfs/install/tex/generic/pgf/systemlayer/pgf.cfg
File: pgf.cfg 2023-01-15 v3.1.10 (3.1.10)
)
Driver file for pgf: pgfsys-pdftex.def

(/home/deniz/.miktex/texmfs/install/tex/generic/pgf/systemlayer/pgfsys-pdftex.d
ef
File: pgfsys-pdftex.def 2023-01-15 v3.1.10 (3.1.10)

(/home/deniz/.miktex/texmfs/install/tex/generic/pgf/systemlayer/pgfsys-common-p
df.def
File: pgfsys-common-pdf.def 2023-01-15 v3.1.10 (3.1.10)
)))
(/home/deniz/.miktex/texmfs/install/tex/generic/pgf/systemlayer/pgfsyssoftpath.
code.tex
File: pgfsyssoftpath.code.tex 2023-01-15 v3.1.10 (3.1.10)
\pgfsyssoftpath@smallbuffer@items=\count328
\pgfsyssoftpath@bigbuffer@items=\count329
)
(/home/deniz/.miktex/texmfs/install/tex/generic/pgf/systemlayer/pgfsysprotocol.
code.tex
File: pgfsysprotocol.code.tex 2023-01-15 v3.1.10 (3.1.10)
))
(/home/deniz/.miktex/texmfs/install/tex/generic/pgf/basiclayer/pgfcore.code.tex
Package: pgfcore 2023-01-15 v3.1.10 (3.1.10)
(/home/deniz/.miktex/texmfs/install/tex/generic/pgf/math/pgfmath.code.tex
(/home/deniz/.miktex/texmfs/install/tex/generic/pgf/math/pgfmathutil.code.tex)
(/home/deniz/.miktex/texmfs/install/tex/generic/pgf/math/pgfmathparser.code.tex
\pgfmath@dimen=\dimen274
\pgfmath@count=\count330
\pgfmath@box=\box106
\pgfmath@toks=\toks45
\pgfmath@stack@operand=\toks46
\pgfmath@stack@operation=\toks47
)
(/home/deniz/.miktex/texmfs/install/tex/generic/pgf/math/pgfmathfunctions.code.
tex)
(/home/deniz/.miktex/texmfs/install/tex/generic/pgf/math/pgfmathfunctions.basic
.code.tex)
(/home/deniz/.miktex/texmfs/install/tex/generic/pgf/math/pgfmathfunctions.trigo
nometric.code.tex)
(/home/deniz/.miktex/texmfs/install/tex/generic/pgf/math/pgfmathfunctions.rando
m.code.tex)
(/home/deniz/.miktex/texmfs/install/tex/generic/pgf/math/pgfmathfunctions.compa
rison.code.tex)
(/home/deniz/.miktex/texmfs/install/tex/generic/pgf/math/pgfmathfunctions.base.
code.tex)
(/home/deniz/.miktex/texmfs/install/tex/generic/pgf/math/pgfmathfunctions.round
.code.tex)
(/home/deniz/.miktex/texmfs/install/tex/generic/pgf/math/pgfmathfunctions.misc.
code.tex)
(/home/deniz/.miktex/texmfs/install/tex/generic/pgf/math/pgfmathfunctions.integ
erarithmetics.code.tex)
(/home/deniz/.miktex/texmfs/install/tex/generic/pgf/math/pgfmathcalc.code.tex)
(/home/deniz/.miktex/texmfs/install/tex/generic/pgf/math/pgfmathfloat.code.tex
\c@pgfmathroundto@lastzeros=\count331
)) (/home/deniz/.miktex/texmfs/install/tex/generic/pgf/math/pgfint.code.tex)
(/home/deniz/.miktex/texmfs/install/tex/generic/pgf/basiclayer/pgfcorepoints.co
de.tex
File: pgfcorepoints.code.tex 2023-01-15 v3.1.10 (3.1.10)
\pgf@picminx=\dimen275
\pgf@picmaxx=\dimen276
\pgf@picminy=\dimen277
\pgf@picmaxy=\dimen278
\pgf@pathminx=\dimen279
\pgf@pathmaxx=\dimen280
\pgf@pathminy=\dimen281
\pgf@pathmaxy=\dimen282
\pgf@xx=\dimen283
\pgf@xy=\dimen284
\pgf@yx=\dimen285
\pgf@yy=\dimen286
\pgf@zx=\dimen287
\pgf@zy=\dimen288
)
(/home/deniz/.miktex/texmfs/install/tex/generic/pgf/basiclayer/pgfcorepathconst
ruct.code.tex
File: pgfcorepathconstruct.code.tex 2023-01-15 v3.1.10 (3.1.10)
\pgf@path@lastx=\dimen289
\pgf@path@lasty=\dimen290
)
(/home/deniz/.miktex/texmfs/install/tex/generic/pgf/basiclayer/pgfcorepathusage
.code.tex
File: pgfcorepathusage.code.tex 2023-01-15 v3.1.10 (3.1.10)
\pgf@shorten@end@additional=\dimen291
\pgf@shorten@start@additional=\dimen292
)
(/home/deniz/.miktex/texmfs/install/tex/generic/pgf/basiclayer/pgfcorescopes.co
de.tex
File: pgfcorescopes.code.tex 2023-01-15 v3.1.10 (3.1.10)
\pgfpic=\box107
\pgf@hbox=\box108
\pgf@layerbox@main=\box109
\pgf@picture@serial@count=\count332
)
(/home/deniz/.miktex/texmfs/install/tex/generic/pgf/basiclayer/pgfcoregraphicst
ate.code.tex
File: pgfcoregraphicstate.code.tex 2023-01-15 v3.1.10 (3.1.10)
\pgflinewidth=\dimen293
)
(/home/deniz/.miktex/texmfs/install/tex/generic/pgf/basiclayer/pgfcoretransform
ations.code.tex
File: pgfcoretransformations.code.tex 2023-01-15 v3.1.10 (3.1.10)
\pgf@pt@x=\dimen294
\pgf@pt@y=\dimen295
\pgf@pt@temp=\dimen296
)
(/home/deniz/.miktex/texmfs/install/tex/generic/pgf/basiclayer/pgfcorequick.cod
e.tex
File: pgfcorequick.code.tex 2023-01-15 v3.1.10 (3.1.10)
)
(/home/deniz/.miktex/texmfs/install/tex/generic/pgf/basiclayer/pgfcoreobjects.c
ode.tex
File: pgfcoreobjects.code.tex 2023-01-15 v3.1.10 (3.1.10)
)
(/home/deniz/.miktex/texmfs/install/tex/generic/pgf/basiclayer/pgfcorepathproce
ssing.code.tex
File: pgfcorepathprocessing.code.tex 2023-01-15 v3.1.10 (3.1.10)
)
(/home/deniz/.miktex/texmfs/install/tex/generic/pgf/basiclayer/pgfcorearrows.co
de.tex
File: pgfcorearrows.code.tex 2023-01-15 v3.1.10 (3.1.10)
\pgfarrowsep=\dimen297
)
(/home/deniz/.miktex/texmfs/install/tex/generic/pgf/basiclayer/pgfcoreshade.cod
e.tex
File: pgfcoreshade.code.tex 2023-01-15 v3.1.10 (3.1.10)
\pgf@max=\dimen298
\pgf@sys@shading@range@num=\count333
\pgf@shadingcount=\count334
)
(/home/deniz/.miktex/texmfs/install/tex/generic/pgf/basiclayer/pgfcoreimage.cod
e.tex
File: pgfcoreimage.code.tex 2023-01-15 v3.1.10 (3.1.10)
)
(/home/deniz/.miktex/texmfs/install/tex/generic/pgf/basiclayer/pgfcoreexternal.
code.tex
File: pgfcoreexternal.code.tex 2023-01-15 v3.1.10 (3.1.10)
\pgfexternal@startupbox=\box110
)
(/home/deniz/.miktex/texmfs/install/tex/generic/pgf/basiclayer/pgfcorelayers.co
de.tex
File: pgfcorelayers.code.tex 2023-01-15 v3.1.10 (3.1.10)
)
(/home/deniz/.miktex/texmfs/install/tex/generic/pgf/basiclayer/pgfcoretranspare
ncy.code.tex
File: pgfcoretransparency.code.tex 2023-01-15 v3.1.10 (3.1.10)
)
(/home/deniz/.miktex/texmfs/install/tex/generic/pgf/basiclayer/pgfcorepatterns.
code.tex
File: pgfcorepatterns.code.tex 2023-01-15 v3.1.10 (3.1.10)
)
(/home/deniz/.miktex/texmfs/install/tex/generic/pgf/basiclayer/pgfcorerdf.code.
tex
File: pgfcorerdf.code.tex 2023-01-15 v3.1.10 (3.1.10)
)))
(/home/deniz/.miktex/texmfs/install/tex/generic/pgf/modules/pgfmoduleshapes.cod
e.tex
File: pgfmoduleshapes.code.tex 2023-01-15 v3.1.10 (3.1.10)
\pgfnodeparttextbox=\box111
)
(/home/deniz/.miktex/texmfs/install/tex/generic/pgf/modules/pgfmoduleplot.code.
tex
File: pgfmoduleplot.code.tex 2023-01-15 v3.1.10 (3.1.10)
)
(/home/deniz/.miktex/texmfs/install/tex/latex/pgf/compatibility/pgfcomp-version
-0-65.sty
Package: pgfcomp-version-0-65 2023-01-15 v3.1.10 (3.1.10)
\pgf@nodesepstart=\dimen299
\pgf@nodesepend=\dimen300
)
(/home/deniz/.miktex/texmfs/install/tex/latex/pgf/compatibility/pgfcomp-version
-1-18.sty
Package: pgfcomp-version-1-18 2023-01-15 v3.1.10 (3.1.10)
))
(/home/deniz/.miktex/texmfs/install/tex/latex/pgf/utilities/pgffor.sty
(/home/deniz/.miktex/texmfs/install/tex/latex/pgf/utilities/pgfkeys.sty
(/home/deniz/.miktex/texmfs/install/tex/generic/pgf/utilities/pgfkeys.code.tex)
) (/home/deniz/.miktex/texmfs/install/tex/latex/pgf/math/pgfmath.sty
(/home/deniz/.miktex/texmfs/install/tex/generic/pgf/math/pgfmath.code.tex))
(/home/deniz/.miktex/texmfs/install/tex/generic/pgf/utilities/pgffor.code.tex
Package: pgffor 2023-01-15 v3.1.10 (3.1.10)
\pgffor@iter=\dimen301
\pgffor@skip=\dimen302
\pgffor@stack=\toks48
\pgffor@toks=\toks49
))
(/home/deniz/.miktex/texmfs/install/tex/generic/pgf/frontendlayer/tikz/tikz.cod
e.tex
Package: tikz 2023-01-15 v3.1.10 (3.1.10)

(/home/deniz/.miktex/texmfs/install/tex/generic/pgf/libraries/pgflibraryplothan
dlers.code.tex
File: pgflibraryplothandlers.code.tex 2023-01-15 v3.1.10 (3.1.10)
\pgf@plot@mark@count=\count335
\pgfplotmarksize=\dimen303
)
\tikz@lastx=\dimen304
\tikz@lasty=\dimen305
\tikz@lastxsaved=\dimen306
\tikz@lastysaved=\dimen307
\tikz@lastmovetox=\dimen308
\tikz@lastmovetoy=\dimen309
\tikzleveldistance=\dimen310
\tikzsiblingdistance=\dimen311
\tikz@figbox=\box112
\tikz@figbox@bg=\box113
\tikz@tempbox=\box114
\tikz@tempbox@bg=\box115
\tikztreelevel=\count336
\tikznumberofchildren=\count337
\tikznumberofcurrentchild=\count338
\tikz@fig@count=\count339

(/home/deniz/.miktex/texmfs/install/tex/generic/pgf/modules/pgfmodulematrix.cod
e.tex
File: pgfmodulematrix.code.tex 2023-01-15 v3.1.10 (3.1.10)
\pgfmatrixcurrentrow=\count340
\pgfmatrixcurrentcolumn=\count341
\pgf@matrix@numberofcolumns=\count342
)
\tikz@expandcount=\count343

(/home/deniz/.miktex/texmfs/install/tex/generic/pgf/frontendlayer/tikz/librarie
s/tikzlibrarytopaths.code.tex
File: tikzlibrarytopaths.code.tex 2023-01-15 v3.1.10 (3.1.10)
)))
(/home/deniz/.miktex/texmfs/install/tex/latex/pgfplots/pgfplots.sty
(/home/deniz/.miktex/texmfs/install/tex/generic/pgfplots/pgfplots.revision.tex)
Package: pgfplots 2021/05/15 v1.18.1 Data Visualization (1.18.1)
(/home/deniz/.miktex/texmfs/install/tex/generic/pgfplots/pgfplots.code.tex
(/home/deniz/.miktex/texmfs/install/tex/generic/pgfplots/pgfplotscore.code.tex
\t@pgfplots@toka=\toks50
\t@pgfplots@tokb=\toks51
\t@pgfplots@tokc=\toks52
\pgfplots@tmpa=\dimen312
\c@pgfplots@coordindex=\count344
\c@pgfplots@scanlineindex=\count345

(/home/deniz/.miktex/texmfs/install/tex/generic/pgfplots/sys/pgfplotssysgeneric
.code.tex))
(/home/deniz/.miktex/texmfs/install/tex/generic/pgfplots/libs/pgfplotslibrary.c
ode.tex)
(/home/deniz/.miktex/texmfs/install/tex/generic/pgfplots/oldpgfcompatib/pgfplot
soldpgfsupp_loader.code.tex
(/home/deniz/.miktex/texmfs/install/tex/generic/pgf/libraries/pgflibraryfpu.cod
e.tex)
Package pgfplots: loading complementary utilities for your pgf version...
\t@pgf@toka=\toks53
\t@pgf@tokb=\toks54
\t@pgf@tokc=\toks55

(/home/deniz/.miktex/texmfs/install/tex/generic/pgfplots/oldpgfcompatib/pgfplot
soldpgfsupp_pgfutil-common-lists.tex))
(/home/deniz/.miktex/texmfs/install/tex/generic/pgfplots/util/pgfplotsutil.code
.tex
(/home/deniz/.miktex/texmfs/install/tex/generic/pgfplots/liststructure/pgfplots
liststructure.code.tex)
(/home/deniz/.miktex/texmfs/install/tex/generic/pgfplots/liststructure/pgfplots
liststructureext.code.tex)
(/home/deniz/.miktex/texmfs/install/tex/generic/pgfplots/liststructure/pgfplots
array.code.tex
\c@pgfplotsarray@tmp=\count346
)
(/home/deniz/.miktex/texmfs/install/tex/generic/pgfplots/liststructure/pgfplots
matrix.code.tex)
(/home/deniz/.miktex/texmfs/install/tex/generic/pgfplots/numtable/pgfplotstable
shared.code.tex
\c@pgfplotstable@counta=\count347
\t@pgfplotstable@a=\toks56
)
(/home/deniz/.miktex/texmfs/install/tex/generic/pgfplots/liststructure/pgfplots
deque.code.tex)
(/home/deniz/.miktex/texmfs/install/tex/generic/pgfplots/util/pgfplotsbinary.co
de.tex
(/home/deniz/.miktex/texmfs/install/tex/generic/pgfplots/util/pgfplotsbinary.da
ta.code.tex))
(/home/deniz/.miktex/texmfs/install/tex/generic/pgfplots/util/pgfplotsutil.verb
.code.tex)
(/home/deniz/.miktex/texmfs/install/tex/generic/pgfplots/libs/pgflibrarypgfplot
s.surfshading.code.tex
\c@pgfplotslibrarysurf@no=\count348

(/home/deniz/.miktex/texmfs/install/tex/generic/pgfplots/sys/pgflibrarypgfplots
.surfshading.pgfsys-pdftex.def)))
(/home/deniz/.miktex/texmfs/install/tex/generic/pgfplots/util/pgfplotscolormap.
code.tex
(/home/deniz/.miktex/texmfs/install/tex/generic/pgfplots/util/pgfplotscolor.cod
e.tex))
(/home/deniz/.miktex/texmfs/install/tex/generic/pgfplots/pgfplotsstackedplots.c
ode.tex)
(/home/deniz/.miktex/texmfs/install/tex/generic/pgfplots/pgfplotsplothandlers.c
ode.tex
(/home/deniz/.miktex/texmfs/install/tex/generic/pgfplots/pgfplotsmeshplothandle
r.code.tex
(/home/deniz/.miktex/texmfs/install/tex/generic/pgfplots/pgfplotsmeshplotimage.
code.tex)))
(/home/deniz/.miktex/texmfs/install/tex/generic/pgfplots/pgfplots.scaling.code.
tex)
(/home/deniz/.miktex/texmfs/install/tex/generic/pgfplots/pgfplotscoordprocessin
g.code.tex)
(/home/deniz/.miktex/texmfs/install/tex/generic/pgfplots/pgfplots.errorbars.cod
e.tex)
(/home/deniz/.miktex/texmfs/install/tex/generic/pgfplots/pgfplots.markers.code.
tex)
(/home/deniz/.miktex/texmfs/install/tex/generic/pgfplots/pgfplotsticks.code.tex
)
(/home/deniz/.miktex/texmfs/install/tex/generic/pgfplots/pgfplots.paths.code.te
x)
(/home/deniz/.miktex/texmfs/install/tex/generic/pgf/frontendlayer/tikz/librarie
s/tikzlibrarydecorations.code.tex
(/home/deniz/.miktex/texmfs/install/tex/generic/pgf/modules/pgfmoduledecoration
s.code.tex
\pgfdecoratedcompleteddistance=\dimen313
\pgfdecoratedremainingdistance=\dimen314
\pgfdecoratedinputsegmentcompleteddistance=\dimen315
\pgfdecoratedinputsegmentremainingdistance=\dimen316
\pgf@decorate@distancetomove=\dimen317
\pgf@decorate@repeatstate=\count349
\pgfdecorationsegmentamplitude=\dimen318
\pgfdecorationsegmentlength=\dimen319
)
\tikz@lib@dec@box=\box116
)
(/home/deniz/.miktex/texmfs/install/tex/generic/pgf/frontendlayer/tikz/librarie
s/tikzlibrarydecorations.pathmorphing.code.tex
(/home/deniz/.miktex/texmfs/install/tex/generic/pgf/libraries/decorations/pgfli
brarydecorations.pathmorphing.code.tex))
(/home/deniz/.miktex/texmfs/install/tex/generic/pgf/frontendlayer/tikz/librarie
s/tikzlibrarydecorations.pathreplacing.code.tex
(/home/deniz/.miktex/texmfs/install/tex/generic/pgf/libraries/decorations/pgfli
brarydecorations.pathreplacing.code.tex))
(/home/deniz/.miktex/texmfs/install/tex/generic/pgfplots/libs/tikzlibrarypgfplo
ts.contourlua.code.tex)
\pgfplots@numplots=\count350
\pgfplots@xmin@reg=\dimen320
\pgfplots@xmax@reg=\dimen321
\pgfplots@ymin@reg=\dimen322
\pgfplots@ymax@reg=\dimen323
\pgfplots@zmin@reg=\dimen324
\pgfplots@zmax@reg=\dimen325
)
(/home/deniz/.miktex/texmfs/install/tex/generic/pgf/frontendlayer/tikz/librarie
s/tikzlibraryplotmarks.code.tex
File: tikzlibraryplotmarks.code.tex 2023-01-15 v3.1.10 (3.1.10)

(/home/deniz/.miktex/texmfs/install/tex/generic/pgf/libraries/pgflibraryplotmar
ks.code.tex
File: pgflibraryplotmarks.code.tex 2023-01-15 v3.1.10 (3.1.10)
))) (/home/deniz/.miktex/texmfs/install/tex/generic/soul/soul.sty
Package: soul 2023-06-14 v3.1 Permit use of UTF-8 characters in soul (HO)

(/home/deniz/.miktex/texmfs/install/tex/generic/soul/soul-ori.sty
Package: soul-ori 2023-06-14 v3.1 letterspacing/underlining (mf)
\SOUL@word=\toks57
\SOUL@lasttoken=\toks58
\SOUL@syllable=\toks59
\SOUL@cmds=\toks60
\SOUL@buffer=\toks61
\SOUL@token=\toks62
\SOUL@syllgoal=\dimen326
\SOUL@syllwidth=\dimen327
\SOUL@charkern=\dimen328
\SOUL@hyphkern=\dimen329
\SOUL@dimen=\dimen330
\SOUL@dimeni=\dimen331
\SOUL@minus=\count351
\SOUL@comma=\count352
\SOUL@apo=\count353
\SOUL@grave=\count354
\SOUL@spaceskip=\skip70
\SOUL@ttwidth=\dimen332
\SOUL@uldp=\dimen333
\SOUL@ulht=\dimen334
)
(/home/deniz/.miktex/texmfs/install/tex/generic/etexcmds/etexcmds.sty
Package: etexcmds 2019/12/15 v1.7 Avoid name clashes with e-TeX commands (HO)
))
(/home/deniz/.miktex/texmfs/install/tex/generic/pgf/frontendlayer/tikz/librarie
s/tikzlibrarymatrix.code.tex
File: tikzlibrarymatrix.code.tex 2023-01-15 v3.1.10 (3.1.10)
)
(/home/deniz/.miktex/texmfs/install/tex/generic/pgf/frontendlayer/tikz/librarie
s/tikzlibrarycalc.code.tex
File: tikzlibrarycalc.code.tex 2023-01-15 v3.1.10 (3.1.10)
)
(/home/deniz/.miktex/texmfs/install/tex/generic/pgf/frontendlayer/tikz/librarie
s/tikzlibrarypositioning.code.tex
File: tikzlibrarypositioning.code.tex 2023-01-15 v3.1.10 (3.1.10)
)
(/home/deniz/.miktex/texmfs/install/tex/generic/pgf/frontendlayer/tikz/librarie
s/tikzlibrarydecorations.markings.code.tex
(/home/deniz/.miktex/texmfs/install/tex/generic/pgf/libraries/decorations/pgfli
brarydecorations.markings.code.tex))
(/home/deniz/.miktex/texmfs/install/tex/generic/pgf/frontendlayer/tikz/librarie
s/tikzlibraryarrows.code.tex
File: tikzlibraryarrows.code.tex 2023-01-15 v3.1.10 (3.1.10)

(/home/deniz/.miktex/texmfs/install/tex/generic/pgf/libraries/pgflibraryarrows.
code.tex
File: pgflibraryarrows.code.tex 2023-01-15 v3.1.10 (3.1.10)
\arrowsize=\dimen335
))
(/home/deniz/.miktex/texmfs/install/tex/latex/tikz-cd/tikzlibrarycd.code.tex
(/home/deniz/.miktex/texmfs/install/tex/generic/pgf/frontendlayer/tikz/librarie
s/tikzlibraryquotes.code.tex
File: tikzlibraryquotes.code.tex 2023-01-15 v3.1.10 (3.1.10)
)
(/home/deniz/.miktex/texmfs/install/tex/generic/pgf/libraries/pgflibraryarrows.
meta.code.tex
File: pgflibraryarrows.meta.code.tex 2023-01-15 v3.1.10 (3.1.10)
\pgfarrowinset=\dimen336
\pgfarrowlength=\dimen337
\pgfarrowwidth=\dimen338
\pgfarrowlinewidth=\dimen339
)) (/home/deniz/.miktex/texmfs/install/tex/latex/bbding/bbding.sty
Package: bbding 1999/04/15 v1.01 Dingbats symbols
) (/home/deniz/.miktex/texmfs/install/tex/latex/cancel/cancel.sty
Package: cancel 2013/04/12 v2.2 Cancel math terms
)
(/home/deniz/.miktex/texmfs/install/tex/latex/tools/bm.sty
Package: bm 2023/12/19 v1.2f Bold Symbol Support (DPC/FMi)
\symboldoperators=\mathgroup8
\symboldletters=\mathgroup9
\symboldsymbols=\mathgroup10
Package bm Info: No bold for \OMX/cmex/m/n, using \pmb.
Package bm Info: No bold for \U/msa/m/n, using \pmb.
Package bm Info: No bold for \U/msb/m/n, using \pmb.
\symboldstmry=\mathgroup11
Package bm Info: No bold for \U/rsfs/m/n, using \pmb.
LaTeX Font Info:    Redeclaring math alphabet \mathbf on input line 149.
)
(/home/deniz/.miktex/texmfs/install/tex/latex/tools/calc.sty
Package: calc 2023/07/08 v4.3 Infix arithmetic (KKT,FJ)
\calc@Acount=\count355
\calc@Bcount=\count356
\calc@Adimen=\dimen340
\calc@Bdimen=\dimen341
\calc@Askip=\skip71
\calc@Bskip=\skip72
LaTeX Info: Redefining \setlength on input line 80.
LaTeX Info: Redefining \addtolength on input line 81.
\calc@Ccount=\count357
\calc@Cskip=\skip73
)
\c@theorem=\count358
Package hyperref Info: Option `colorlinks' set `true' on input line 130.
Package hyperref Info: Option `breaklinks' set `true' on input line 130.


Package hyperref Warning: Option `bookmarks' has already been used,
(hyperref)                setting the option has no effect on input line 130.

Package hyperref Info: Option `bookmarksnumbered' set `true' on input line 130.

Package hyperref Info: Option `unicode' set `true' on input line 130.
(shortcuts.tex
\symMnSyC=\mathgroup12
)
(/home/deniz/.miktex/texmfs/install/tex/latex/l3backend/l3backend-pdftex.def
File: l3backend-pdftex.def 2024-05-08 L3 backend support: PDF output (pdfTeX)
\l__color_backend_stack_int=\count359
\l__pdf_internal_box=\box117
)
(main.aux)
\openout1 = `main.aux'.

LaTeX Font Info:    Checking defaults for OML/cmm/m/it on input line 181.
LaTeX Font Info:    ... okay on input line 181.
LaTeX Font Info:    Checking defaults for OMS/cmsy/m/n on input line 181.
LaTeX Font Info:    ... okay on input line 181.
LaTeX Font Info:    Checking defaults for OT1/cmr/m/n on input line 181.
LaTeX Font Info:    ... okay on input line 181.
LaTeX Font Info:    Checking defaults for T1/cmr/m/n on input line 181.
LaTeX Font Info:    ... okay on input line 181.
LaTeX Font Info:    Checking defaults for TS1/cmr/m/n on input line 181.
LaTeX Font Info:    ... okay on input line 181.
LaTeX Font Info:    Checking defaults for OMX/cmex/m/n on input line 181.
LaTeX Font Info:    ... okay on input line 181.
LaTeX Font Info:    Checking defaults for U/cmr/m/n on input line 181.
LaTeX Font Info:    ... okay on input line 181.
LaTeX Font Info:    Checking defaults for PD1/pdf/m/n on input line 181.
LaTeX Font Info:    ... okay on input line 181.
LaTeX Font Info:    Checking defaults for PU/pdf/m/n on input line 181.
LaTeX Font Info:    ... okay on input line 181.

(/home/deniz/.miktex/texmfs/install/tex/context/base/mkii/supp-pdf.mkii
[Loading MPS to PDF converter (version 2006.09.02).]
\scratchcounter=\count360
\scratchdimen=\dimen342
\scratchbox=\box118
\nofMPsegments=\count361
\nofMParguments=\count362
\everyMPshowfont=\toks63
\MPscratchCnt=\count363
\MPscratchDim=\dimen343
\MPnumerator=\count364
\makeMPintoPDFobject=\count365
\everyMPtoPDFconversion=\toks64
) (/home/deniz/.miktex/texmfs/install/tex/latex/epstopdf-pkg/epstopdf-base.sty
Package: epstopdf-base 2020-01-24 v2.11 Base part for package epstopdf
Package epstopdf-base Info: Redefining graphics rule for `.eps' on input line 4
85.

(/home/deniz/.miktex/texmfs/install/tex/latex/00miktex/epstopdf-sys.cfg
File: epstopdf-sys.cfg 2021/03/18 v2.0 Configuration of epstopdf for MiKTeX
))
Package hyperref Info: Link coloring ON on input line 181.

(main.out) (main.out)
\@outlinefile=\write5
\openout5 = `main.out'.

Package caption Info: Begin \AtBeginDocument code.
Package caption Info: subfig package v1.3 is loaded.
Package caption Info: End \AtBeginDocument code.

Package pgfplots notification 'compat/show suggested version=true': you might b
enefit from \pgfplotsset{compat=1.18} (current compat level: 1.14).

<faulogo.png, id=434, 1472.50125pt x 685.05937pt>
File: faulogo.png Graphic file (type png)
<use faulogo.png>
Package pdftex.def Info: faulogo.png  used on input line 184.
(pdftex.def)             Requested size: 398.33858pt x 185.3239pt.
LaTeX Font Info:    Trying to load font information for T1+cmss on input line 1
85.
(/home/deniz/.miktex/texmfs/install/tex/latex/base/t1cmss.fd
File: t1cmss.fd 2023/04/13 v2.5m Standard LaTeX font definitions
)
LaTeX Font Info:    Trying to load font information for U+msa on input line 185
.

(/home/deniz/.miktex/texmfs/install/tex/latex/amsfonts/umsa.fd
File: umsa.fd 2013/01/14 v3.01 AMS symbols A
)
LaTeX Font Info:    Trying to load font information for U+msb on input line 185
.

(/home/deniz/.miktex/texmfs/install/tex/latex/amsfonts/umsb.fd
File: umsb.fd 2013/01/14 v3.01 AMS symbols B
)
LaTeX Font Info:    Trying to load font information for U+stmry on input line 1
85.

(/home/deniz/.miktex/texmfs/install/tex/latex/stmaryrd/Ustmry.fd)
LaTeX Font Info:    Trying to load font information for U+rsfs on input line 18
5.

(/home/deniz/.miktex/texmfs/install/tex/latex/jknappen/ursfs.fd
File: ursfs.fd 1998/03/24 rsfs font definition file (jk)
)

LaTeX Font Warning: Font shape `U/stmry/b/n' undefined
(Font)              using `U/stmry/m/n' instead on input line 185.

LaTeX Font Info:    Trying to load font information for T1+cmtt on input line 1
85.
(/home/deniz/.miktex/texmfs/install/tex/latex/base/t1cmtt.fd
File: t1cmtt.fd 2023/04/13 v2.5m Standard LaTeX font definitions
)

[0

{/home/deniz/.miktex/texmfs/data/fonts/map/pdftex/pdftex.map} <./faulogo.png>]
Underfull \hbox (badness 10000) in paragraph at lines 185--185

 []

LaTeX Font Info:    Trying to load font information for T1+fjd on input line 18
5.
(/home/deniz/.miktex/texmfs/install/tex/latex/emerald/t1fjd.fd
File: t1fjd.fd 2006/01/25 Fontinst v1.926 font definitions for T1/fjd.
)

[1{/home/deniz/.miktex/texmfs/install/fonts/enc/dvips/base/8r.enc}] (main.toc

[1]
LaTeX Font Info:    Trying to load font information for U+euf on input line 64.

 (/home/deniz/.miktex/texmfs/install/tex/latex/amsfonts/ueuf.fd
File: ueuf.fd 2013/01/14 v3.01 Euler Fraktur
)

[2]

[3])
\tf@toc=\write6
\openout6 = `main.toc'.



[4] (ga/00intro.tex)


pdfTeX warning (ext4): destination with the same identifier (name{page.1}) has 
been already used, duplicate ignored
<to be read again> 
                   \relax 
l.192  \newpage
                [1] (ga/01logic.tex

LaTeX Warning: `!h' float specifier changed to `!ht'.



[2]

[3]

[4]

[5]

[6])

[7] (ga/02axioms.tex

[8]

[9]

[10]

[11]

[12]

[13]

[14]
Underfull \hbox (badness 10000) in paragraph at lines 373--375

 []

)

[15] (ga/03classification.tex
Underfull \hbox (badness 10000) in paragraph at lines 48--49

 []



[16]

[17]

[18]

[19]

[20]

[21]

[22]

[23])

[24] (ga/04topology.tex

[25]

[26]

[27]

[28]

[29]

[30])

[31] (ga/05topology_inv.tex
LaTeX Font Info:    Trying to load font information for T1+ptm on input line 30
.

(/home/deniz/.miktex/texmfs/install/tex/latex/psnfss/t1ptm.fd
File: t1ptm.fd 2001/06/04 font definitions for T1/ptm.
)
LaTeX Font Info:    Trying to load font information for TS1+ptm on input line 3
0.

(/home/deniz/.miktex/texmfs/install/tex/latex/psnfss/ts1ptm.fd
File: ts1ptm.fd 2001/06/04 font definitions for TS1/ptm.
)

[32]
LaTeX Font Info:    Calculating math sizes for size <7.665> on input line 121.


LaTeX Font Warning: Font shape `OT1/cmr/m/n' in size <3.83249> not available
(Font)              size <5> substituted on input line 121.


LaTeX Font Warning: Font shape `OML/cmm/m/it' in size <3.83249> not available
(Font)              size <5> substituted on input line 121.


LaTeX Font Warning: Font shape `OMS/cmsy/m/n' in size <3.83249> not available
(Font)              size <5> substituted on input line 121.


LaTeX Font Warning: Font shape `U/stmry/m/n' in size <3.83249> not available
(Font)              size <5> substituted on input line 121.


LaTeX Font Warning: Font shape `U/rsfs/m/n' in size <3.83249> not available
(Font)              size <5> substituted on input line 121.


LaTeX Font Warning: Font shape `OT1/cmr/bx/n' in size <3.83249> not available
(Font)              size <5> substituted on input line 121.


LaTeX Font Warning: Font shape `OML/cmm/b/it' in size <3.83249> not available
(Font)              size <5> substituted on input line 121.


LaTeX Font Warning: Font shape `OMS/cmsy/b/n' in size <3.83249> not available
(Font)              size <5> substituted on input line 121.


LaTeX Font Warning: Font shape `U/stmry/b/n' in size <3.83249> not available
(Font)              size <5> substituted on input line 121.



[33]

[34]

[35]
<graphics/sinoneoverx.pdf, id=965, 361.35pt x 234.8775pt>
File: graphics/sinoneoverx.pdf Graphic file (type pdf)
<use graphics/sinoneoverx.pdf>
Package pdftex.def Info: graphics/sinoneoverx.pdf  used on input line 262.
(pdftex.def)             Requested size: 252.94327pt x 164.41312pt.


LaTeX Warning: `!h' float specifier changed to `!ht'.



[36 <./graphics/sinoneoverx.pdf>]

[37]

[38])

[39] (ga/06manifolds.tex

[40]

[41]

LaTeX Warning: `!h' float specifier changed to `!ht'.



[42]

[43]

[44]

[45]

[46])

[47] (ga/07differentiable.tex
LaTeX Font Info:    Trying to load font information for U+ding on input line 7.


(/home/deniz/.miktex/texmfs/install/tex/latex/bbding/Uding.fd
File: Uding.fd 1996/02/01 v1.0 BBding font definitions
)

[48]

[49]

[50]

[51]

[52])

[53] (ga/08tensor_i.tex

[54]

[55]

[56{/home/deniz/.miktex/texmfs/install/fonts/enc/dvips/mnsymbol/MnSymbolC.enc}]


[57]

[58]

[59]

[60]
Overfull \hbox (7.41946pt too wide) in paragraph at lines 379--380
[]\T1/cmr/bx/n/10.95 Definition. []\T1/cmr/m/n/10.95 Let $\OML/cmm/m/it/10.95 V
$ \T1/cmr/m/n/10.95 be a finite-dimensional vec-tor space over $\OML/cmm/m/it/1
0.95 K$ \T1/cmr/m/n/10.95 with ba-sis $\OMS/cmsy/m/n/10.95 B \OT1/cmr/m/n/10.95
 = \OMS/cmsy/m/n/10.95 f\OML/cmm/m/it/10.95 e[]; [] ; e[]\OMS/cmsy/m/n/10.95 g$

 []



[61]

[62]

[63]

[64]

[65]

[66]
Overfull \hbox (4.70912pt too wide) in paragraph at lines 656--657
[]\T1/cmr/m/n/10.95 Note that $\OML/cmm/m/it/10.95 ^^^$ \T1/cmr/m/n/10.95 needs
 to be an en-do-mor-phism be-cause we need to ap-ply $\OML/cmm/m/it/10.95 !$ \T
1/cmr/m/n/10.95 to $\OML/cmm/m/it/10.95 ^^^\OT1/cmr/m/n/10.95 (\OML/cmm/m/it/10
.95 e[]\OT1/cmr/m/n/10.95 )\OML/cmm/m/it/10.95 ; [] ; ^^^\OT1/cmr/m/n/10.95 (\O
ML/cmm/m/it/10.95 e[]\OT1/cmr/m/n/10.95 )$\T1/cmr/m/n/10.95 ,
 []



[67])

[68] (ga/09tangent_space.tex

[69]

[70]

[71]

[72]

[73]

[74]

[75]

[76]

[77])

[78] (ga/10tangent_bundle.tex

[79]

[80]

[81]

[82]
<graphics/immers.pdf, id=1931, 361.35pt x 128.48pt>
File: graphics/immers.pdf Graphic file (type pdf)
<use graphics/immers.pdf>
Package pdftex.def Info: graphics/immers.pdf  used on input line 282.
(pdftex.def)             Requested size: 289.0804pt x 102.78412pt.


[83 <./graphics/immers.pdf>]

[84]
Overfull \hbox (17.06049pt too wide) in paragraph at lines 367--368
[]\T1/cmr/bx/n/10.95 Proposition 10.16. []\T1/cmr/m/it/10.95 Any two charts $\O
T1/cmr/m/n/10.95 ([][](\OML/cmm/m/it/10.95 U\OT1/cmr/m/n/10.95 )\OML/cmm/m/it/1
0.95 ; ^^X\OT1/cmr/m/n/10.95 )\OML/cmm/m/it/10.95 ; \OT1/cmr/m/n/10.95 ([][]([]
)\OML/cmm/m/it/10.95 ; []\OT1/cmr/m/n/10.95 ) \OMS/cmsy/m/n/10.95 2 \U/rsfs/m/n
/10.95 A[]$ \T1/cmr/m/it/10.95 are $\OMS/cmsy/m/n/10.95 C[]$\T1/cmr/m/it/10.95 
-compatible. 
 []



[85])

[86] (ga/11tensor_ii.tex

[87]

[88]

[89]

[90]

[91]

[92]

[93]

[94]

[95]

[96])

[97] (ga/12grassmann.tex

Package amsmath Warning: Foreign command \atopwithdelims;
(amsmath)                \frac or \genfrac should be used instead
(amsmath)                 on input line 30.



[98]

[99]

[100]

[101]

[102]
Overfull \hbox (13.79555pt too wide) in alignment at lines 291--296
 [] [] [] [][]
 []



[103]

[104]

[105]

[106]

[107]
Overfull \hbox (4.74231pt too wide) detected at line 588
\OT1/cmr/m/n/10.95 0 [] 
[](\OML/cmm/m/it/10.95 M\OT1/cmr/m/n/10.95 ) [] 
[](\OML/cmm/m/it/10.95 M\OT1/cmr/m/n/10.95 ) [] [] [] 
[](\OML/cmm/m/it/10.95 M\OT1/cmr/m/n/10.95 ) [] 
[](\OML/cmm/m/it/10.95 M\OT1/cmr/m/n/10.95 ) [] [] [] 
[](\OML/cmm/m/it/10.95 M\OT1/cmr/m/n/10.95 ) [] 0\OML/cmm/m/it/10.95 ;
 []



[108]

[109])

[110] (ga/13lie_groups.tex

[111]

[112]

[113]

[114]

[115]

[116])

[117] (ga/14classification.tex

[118]

[119]

[120]

[121]

[122]

[123]

[124]

[125]

[126]

[127]

[128])

[129] (ga/15sl2.tex

[130]

[131]

[132]

[133]

[134]

[135]

[136]

[137]
Overfull \hbox (46.11174pt too wide) in alignment at lines 313--318
 [] [] [] [][]
 []


Overfull \hbox (9.15494pt too wide) in alignment at lines 324--329
 [] [] [] [][]
 []



[138])

[139] (ga/16dynkin.tex

[140]

[141]

[142]

[143]

[144])

[145] (ga/17representation.tex

[146]

[147]

[148]

[149]

[150]

[151]

[152]

[153]

[154]

[155]

[156])

[157] (ga/18reconstruction.tex

[158]

[159]

[160]

[161])

[162] (ga/19principal.tex

[163]

[164]

[165]

[166]

[167]

[168]

[169]

[170]

[171]

[172]

[173])

[174] (ga/20associated.tex

[175]

[176]

[177]

[178])

[179] (ga/21connections.tex

[180]

[181]

[182])

[183] (ga/22yang-mills.tex

[184]

[185]

[186]

[187]

[188]

[189])

[190] (ga/23parallel.tex

[191]

[192]
Overfull \hbox (24.25906pt too wide) in alignment at lines 88--91
 [] [] [] [][]
 []


Overfull \hbox (7.19853pt too wide) in alignment at lines 93--98
 [] [] [] [][]
 []

Missing character: There is no ; in font nullfont!


[193]
Overfull \hbox (0.68793pt too wide) in paragraph at lines 154--155
[]\T1/cmr/m/it/10.95 Remark \T1/cmr/m/n/10.95 23.5\T1/cmr/m/it/10.95 . []\T1/cm
r/m/n/10.95 The par-al-lel trans-port is, in fact, a bi-jec-tion be-tween the f
i-bres $[][]\OT1/cmr/m/n/10.95 (\OMS/cmsy/m/n/10.95 f\OML/cmm/m/it/10.95 ^^M\OT
1/cmr/m/n/10.95 (0)\OMS/cmsy/m/n/10.95 g\OT1/cmr/m/n/10.95 )$
 []



[194]

[195])

[196] (ga/24curvature.tex

[197]

[198]

[199]

[200])

[201] (ga/25covariant.tex

[202]

[203]

[204])

[205] (ga/26quantum.tex)

[206] (ga/27spin.tex)

[207] (ga/28kinematical.tex)

[208] (biblio.tex
Overfull \hbox (34.32684pt too wide) in paragraph at lines 10--12
\T1/cmr/m/n/10.95 (preliminary ver-sion [][]$\T1/cmtt/m/n/10.95 http : / / www 
. mathematik . uni-[]muenchen . de / ~hamilton / gaugetheory .
 []



[209]

[210]
Overfull \hbox (0.70036pt too wide) in paragraph at lines 87--88
[]\T1/cmr/m/n/10.95 Fuchs, Schweigert, \T1/cmr/m/it/10.95 Sym-me-tries, Lie Al-
ge-bras and Rep-re-sen-ta-tions: A Grad-u-ate Course
 []

)

[211]
runsystem(makeindex -s example_style.ist main.idx)...executed safely (allowed).

 (main.ind [212

] [213] [214])

[215] (main.aux)
 ***********
LaTeX2e <2024-06-01> patch level 2
L3 programming layer <2024-05-27>
 ***********


LaTeX Font Warning: Size substitutions with differences
(Font)              up to 2.90001pt have occurred.


LaTeX Font Warning: Some font shapes were not available, defaults substituted.

Package rerunfilecheck Info: File `main.out' has not changed.
(rerunfilecheck)             Checksum: BCF876AFC98275A87AF61621DD24A0A4;25682.
 ) 
Here is how much of TeX's memory you used:
 43156 strings out of 473905
 990600 string characters out of 5731356
 1973905 words of memory out of 5000000
 64322 multiletter control sequences out of 15000+600000
 614378 words of font info for 207 fonts, out of 8000000 for 9000
 1141 hyphenation exceptions out of 8191
 90i,18n,133p,875b,2712s stack positions out of 10000i,1000n,20000p,200000b,200000s
 </home/deniz/.miktex/texmfs/data/fonts/pk/ljfour/jknappen/ec/dpi600/ecrm1000
.pk> </home/deniz/.miktex/texmfs/data/fonts/pk/ljfour/jknappen/ec/dpi600/ecti08
00.pk> </home/deniz/.miktex/texmfs/data/fonts/pk/ljfour/public/bbding/dpi657/bb
ding10.pk> </home/deniz/.miktex/texmfs/data/fonts/pk/ljfour/jknappen/ec/dpi600/
ecti0600.pk> </home/deniz/.miktex/texmfs/data/fonts/pk/ljfour/jknappen/ec/dpi60
0/tcrm1095.pk> </home/deniz/.miktex/texmfs/data/fonts/pk/ljfour/jknappen/ec/dpi
600/ecrm0900.pk> </home/deniz/.miktex/texmfs/data/fonts/pk/ljfour/jknappen/ec/d
pi600/ecrm0600.pk> </home/deniz/.miktex/texmfs/data/fonts/pk/ljfour/jknappen/ec
/dpi600/ecrm0800.pk> </home/deniz/.miktex/texmfs/data/fonts/pk/ljfour/jknappen/
ec/dpi600/ecbx1095.pk> </home/deniz/.miktex/texmfs/data/fonts/pk/ljfour/jknappe
n/ec/dpi600/ecrm1095.pk> </home/deniz/.miktex/texmfs/data/fonts/pk/ljfour/jknap
pen/ec/dpi600/ecbx1200.pk> </home/deniz/.miktex/texmfs/data/fonts/pk/ljfour/jkn
appen/ec/dpi600/ectt1095.pk> </home/deniz/.miktex/texmfs/data/fonts/pk/ljfour/j
knappen/ec/dpi600/ecti1095.pk> </home/deniz/.miktex/texmfs/data/fonts/pk/ljfour
/jknappen/ec/dpi600/ecti1000.pk> </home/deniz/.miktex/texmfs/data/fonts/pk/ljfo
ur/jknappen/ec/dpi600/ecsx1095.pk> </home/deniz/.miktex/texmfs/data/fonts/pk/lj
four/jknappen/ec/dpi600/ecss1095.pk> </home/deniz/.miktex/texmfs/data/fonts/pk/
ljfour/jknappen/ec/dpi600/ecsx1728.pk></home/deniz/.miktex/texmfs/install/fonts
/type1/public/mnsymbol/MnSymbol10.pfb></home/deniz/.miktex/texmfs/install/fonts
/type1/public/amsfonts/cm/cmbx10.pfb></home/deniz/.miktex/texmfs/install/fonts/
type1/public/amsfonts/cm/cmex10.pfb></home/deniz/.miktex/texmfs/install/fonts/t
ype1/public/amsfonts/cmextra/cmex8.pfb></home/deniz/.miktex/texmfs/install/font
s/type1/public/amsfonts/cm/cmmi10.pfb></home/deniz/.miktex/texmfs/install/fonts
/type1/public/amsfonts/cm/cmmi12.pfb></home/deniz/.miktex/texmfs/install/fonts/
type1/public/amsfonts/cm/cmmi5.pfb></home/deniz/.miktex/texmfs/install/fonts/ty
pe1/public/amsfonts/cm/cmmi6.pfb></home/deniz/.miktex/texmfs/install/fonts/type
1/public/amsfonts/cm/cmmi7.pfb></home/deniz/.miktex/texmfs/install/fonts/type1/
public/amsfonts/cm/cmmi8.pfb></home/deniz/.miktex/texmfs/install/fonts/type1/pu
blic/amsfonts/cm/cmmib10.pfb></home/deniz/.miktex/texmfs/install/fonts/type1/pu
blic/amsfonts/cm/cmr10.pfb></home/deniz/.miktex/texmfs/install/fonts/type1/publ
ic/amsfonts/cm/cmr12.pfb></home/deniz/.miktex/texmfs/install/fonts/type1/public
/amsfonts/cm/cmr6.pfb></home/deniz/.miktex/texmfs/install/fonts/type1/public/am
sfonts/cm/cmr7.pfb></home/deniz/.miktex/texmfs/install/fonts/type1/public/amsfo
nts/cm/cmr8.pfb></home/deniz/.miktex/texmfs/install/fonts/type1/public/amsfonts
/cm/cmsy10.pfb></home/deniz/.miktex/texmfs/install/fonts/type1/public/amsfonts/
cm/cmsy6.pfb></home/deniz/.miktex/texmfs/install/fonts/type1/public/amsfonts/cm
/cmsy7.pfb></home/deniz/.miktex/texmfs/install/fonts/type1/public/amsfonts/cm/c
msy8.pfb></home/deniz/.miktex/texmfs/install/fonts/type1/public/amsfonts/euler/
eufm10.pfb></home/deniz/.miktex/texmfs/install/fonts/type1/emerald/fjdmw.pfb></
home/deniz/.miktex/texmfs/install/fonts/type1/public/amsfonts/latxfont/line10.p
fb></home/deniz/.miktex/texmfs/install/fonts/type1/public/amsfonts/symbols/msam
10.pfb></home/deniz/.miktex/texmfs/install/fonts/type1/public/amsfonts/symbols/
msbm10.pfb></home/deniz/.miktex/texmfs/install/fonts/type1/public/amsfonts/symb
ols/msbm7.pfb></home/deniz/.miktex/texmfs/install/fonts/type1/public/rsfs/rsfs1
0.pfb></home/deniz/.miktex/texmfs/install/fonts/type1/public/hoekwater/stmary10
.pfb></home/deniz/.miktex/texmfs/install/fonts/type1/public/hoekwater/stmary8.p
fb></home/deniz/.miktex/texmfs/install/fonts/type1/urw/times/utmri8a.pfb>
Output written on main.pdf (221 pages, 1872111 bytes).
PDF statistics:
 4036 PDF objects out of 4296 (max. 8388607)
 890 named destinations out of 1000 (max. 500000)
 3074 words of extra memory for PDF output out of 10000 (max. 10000000)

